Arguments: 
  D:\Node\node.exe D:\Node\node_global\node_modules\yarn\bin\yarn.js add webpack webpack-cli

PATH: 
  C:\WINDOWS\system32;C:\WINDOWS;C:\WINDOWS\System32\Wbem;C:\WINDOWS\System32\WindowsPowerShell\v1.0\;C:\WINDOWS\System32\OpenSSH\;D:\Git\Git\cmd;D:\Java\jdk1.8.0_144\bin;C:\Users\10405\blog\node_modules\.bin;D:\path;D:\SVN\bin;D:\SVN客户端\bin;C:\Users\10405\AppData\Local\Microsoft\WindowsApps;D:\Node;C:\Users\10405\blog\node_modules\.bin;C:\Users\10405\AppData\Local\Programs\Microsoft VS Code\bin;D:\解压\;D:\Node\node_global;

Yarn version: 
  1.22.4

Node version: 
  10.13.0

Platform: 
  win32 x64

Trace: 
  Error: ENOENT: no such file or directory, copyfile 'C:\Users\10405\AppData\Local\Yarn\Cache\v6\npm-ms-2.1.2-d09d1f357b443f493382a8eb3ccd183872ae6009-integrity\node_modules\ms\index.js' -> 'H:\Web实习\组件库\node_modules\eslint\node_modules\ms\index.js'

npm manifest: 
  {
    "name": "llui",
    "version": "1.0.0",
    "description": "",
    "main": "index.js",
    "scripts": {
      "test": "echo \"Error: no test specified\" && exit 1",
      "build": "webpack --config webpack.config.dev.js",
      "dev": "webpack-dev-server --config webpack.config.dev.js"
    },
    "author": "",
    "license": "ISC",
    "dependencies": {
      "css-loader": "^3.4.2",
      "eslint": "^6.8.0",
      "eslint-loader": "^3.0.3",
      "html-webpack-plugin": "^4.0.3",
      "less": "^3.11.1",
      "less-loader": "^5.0.0",
      "style-loader": "^1.1.3",
      "stylus": "^0.54.7",
      "webpack-dev-server": "^3.10.3"
    }
  }

yarn manifest: 
  No manifest

Lockfile: 
  No lockfile
